<?xml version="1.0" encoding="UTF-8"?>
<testsuite name="ru.netology.postman.postmanEchoTest" tests="1" skipped="0" failures="0" errors="0" timestamp="2022-09-07T14:48:33" hostname="DESKTOP-97U95D4" time="4.535">
  <properties/>
  <testcase name="postmanEcho()" classname="ru.netology.postman.postmanEchoTest" time="4.535"/>
  <system-out><![CDATA[]]></system-out>
  <system-err><![CDATA[]]></system-err>
</testsuite>
